{"message":"Error for log file","level":"error"}
{"message":"server running on port 3000","level":"info"}
{"message":"Error for log file","level":"error"}
{"message":"server running on port 3000","level":"info"}
{"message":"Error for log file","level":"error"}
{"message":"server running on port 3000","level":"info"}
{"message":"Error for log file","level":"error"}
{"message":"server running on port 3000","level":"info"}
{"message":"server running on port 3000","level":"info"}
{"message":"server running on port 3000","level":"info"}
{"message":"::1 - - [26/May/2019:07:36:42 +0000] \"GET / HTTP/1.1\" 404 139 \"-\" \"Mozilla/5.0 (Windows NT 6.3; Win64; x64) AppleWebKit/537.36 (KHTML, like Gecko) Chrome/74.0.3729.169 Safari/537.36\"\n","level":"info"}
{"message":"server running on port 3000","level":"info"}
{"message":"server running on port 3000","level":"info"}
{"message":"::1 - - [26/May/2019:07:43:14 +0000] \"GET / HTTP/1.1\" 404 139 \"-\" \"Mozilla/5.0 (Windows NT 6.3; Win64; x64) AppleWebKit/537.36 (KHTML, like Gecko) Chrome/74.0.3729.169 Safari/537.36\"\n","level":"info"}
{"message":"server running on port 3000","level":"info"}
{"message":"server running on port 3000","level":"info"}
{"message":"server running on port 3000","level":"info"}
{"message":"server running on port 3000","level":"info"}
{"message":"server running on port 3000","level":"info"}
{"message":"server running on port 3000","level":"info"}
{"message":"server running on port 3000","level":"info"}
{"message":"server running on port 3000","level":"info"}
{"message":"server running on port 3000","level":"info"}
{"message":"server running on port 3000","level":"info"}
{"message":"server running on port 3000","level":"info"}
{"message":"server running on port 3000","level":"info"}
{"message":"server running on port 3000","level":"info"}
{"message":"server running on port 3000","level":"info"}
{"message":"server running on port 3000","level":"info"}
{"message":"server running on port 3000","level":"info"}
{"message":"server running on port 3000","level":"info"}
{"message":"server running on port 3000","level":"info"}
{"message":"server running on port 3000","level":"info"}
{"message":"server running on port 3000","level":"info"}
{"message":"server running on port 3000","level":"info"}
{"message":"server running on port 3000","level":"info"}
{"message":"server running on port 3000","level":"info"}
{"message":"server running on port 3000","level":"info"}
{"message":"server running on port 3000","level":"info"}
{"message":"server running on port 3000","level":"info"}
{"message":"server running on port 3000","level":"info"}
{"message":"server running on port 3000","level":"info"}
{"message":"server running on port 3000","level":"info"}
{"message":"server running on port 3000","level":"info"}
{"message":"server running on port 3000","level":"info"}
{"message":"server running on port 3000","level":"info"}
{"message":"server running on port 3000","level":"info"}
{"message":"server running on port 3000","level":"info"}
{"message":"server running on port 3000","level":"info"}
{"message":"server running on port 3000","level":"info"}
{"message":"server running on port 3000","level":"info"}
{"message":"server running on port 3000","level":"info"}
{"message":"server running on port 3000","level":"info"}
{"message":"server running on port 3000","level":"info"}
{"message":"server running on port 3000","level":"info"}
{"message":"server running on port 3000","level":"info"}
{"message":"server running on port 3000","level":"info"}
{"message":"server running on port 3000","level":"info"}
{"message":"server running on port 3000","level":"info"}
{"message":"server running on port 3000","level":"info"}
{"message":"server running on port 3000","level":"info"}
{"message":"server running on port 3000","level":"info"}
{"message":"server running on port 3000","level":"info"}
{"message":"server running on port 3000","level":"info"}
{"message":"server running on port 3000","level":"info"}
{"message":"server running on port 3000","level":"info"}
{"message":"server running on port 3000","level":"info"}
{"message":"server running on port 3000","level":"info"}
{"message":"server running on port 3000","level":"info"}
{"message":"server running on port 3000","level":"info"}
{"message":"server running on port 3000","level":"info"}
{"message":"server running on port 3000","level":"info"}
{"message":"server running on port 3000","level":"info"}
{"message":"server running on port 3000","level":"info"}
{"message":"server running on port 3000","level":"info"}
{"message":"server running on port 3000","level":"info"}
{"message":"server running on port 3000","level":"info"}
{"message":"server running on port 3000","level":"info"}
{"message":"server running on port 3000","level":"info"}
{"message":"server running on port 3000","level":"info"}
{"message":"server running on port 3000","level":"info"}
{"message":"server running on port 3000","level":"info"}
{"message":"server running on port 3000","level":"info"}
{"message":"server running on port 3000","level":"info"}
{"message":"server running on port 3000","level":"info"}
{"message":"server running on port 3000","level":"info"}
{"message":"server running on port 3000","level":"info"}
{"message":"server running on port 3000","level":"info"}
{"message":"server running on port 3000","level":"info"}
{"message":"server running on port 3000","level":"info"}
{"message":"server running on port 3000","level":"info"}
{"message":"server running on port 3000","level":"info"}
{"message":"server running on port 3000","level":"info"}
{"message":"server running on port 3000","level":"info"}
{"message":"server running on port 3000","level":"info"}
{"message":"server running on port 3000","level":"info"}
{"message":"server running on port 3000","level":"info"}
{"message":"server running on port 3000","level":"info"}
{"message":"server running on port 3000","level":"info"}
{"message":"server running on port 3000","level":"info"}
{"message":"server running on port 3000","level":"info"}
{"message":"server running on port 3000","level":"info"}
{"message":"server running on port 3000","level":"info"}
{"message":"server running on port 3000","level":"info"}
{"message":"server running on port 3000","level":"info"}
{"message":"server running on port 3000","level":"info"}
{"message":"server running on port 3000","level":"info"}
{"message":"server running on port 3000","level":"info"}
{"message":"server running on port 3000","level":"info"}
{"message":"server running on port 3000","level":"info"}
{"message":"server running on port 3000","level":"info"}
{"message":"server running on port 3000","level":"info"}
{"message":"server running on port 3000","level":"info"}
{"message":"server running on port 3000","level":"info"}
{"message":"server running on port 3000","level":"info"}
{"message":"server running on port 3000","level":"info"}
{"message":"server running on port 3000","level":"info"}
{"message":"server running on port 3000","level":"info"}
{"message":"::1 - - [31/May/2019:11:27:54 +0000] \"GET /favicon.ico HTTP/1.1\" 404 150 \"http://localhost:3000/menu\" \"Mozilla/5.0 (X11; Linux x86_64) AppleWebKit/537.36 (KHTML, like Gecko) Chrome/74.0.3729.157 Safari/537.36\"\n","level":"info"}
{"message":"server running on port 3000","level":"info"}
{"message":"server running on port 3000","level":"info"}
{"message":"server running on port 3000","level":"info"}
{"message":"server running on port 3000","level":"info"}
{"message":"server running on port 3000","level":"info"}
{"message":"server running on port 3000","level":"info"}
{"message":"server running on port 3000","level":"info"}
{"message":"server running on port 3000","level":"info"}
{"message":"server running on port 3000","level":"info"}
{"message":"server running on port 3000","level":"info"}
{"message":"server running on port 3000","level":"info"}
{"message":"server running on port 3000","level":"info"}
{"message":"server running on port 3000","level":"info"}
{"message":"server running on port 3000","level":"info"}
{"message":"server running on port 3000","level":"info"}
{"message":"server running on port 3000","level":"info"}
{"message":"server running on port 3000","level":"info"}
{"message":"server running on port 3000","level":"info"}
{"message":"server running on port 3000","level":"info"}
{"message":"server running on port 3000","level":"info"}
{"message":"server running on port 3000","level":"info"}
{"message":"server running on port 3000","level":"info"}
{"message":"server running on port 3000","level":"info"}
{"message":"server running on port 3000","level":"info"}
{"message":"server running on port 3000","level":"info"}
{"message":"server running on port 3000","level":"info"}
{"message":"server running on port 3000","level":"info"}
{"message":"server running on port 3000","level":"info"}
{"message":"server running on port 3000","level":"info"}
{"message":"server running on port 3000","level":"info"}
{"message":"server running on port 3000","level":"info"}
{"message":"server running on port 3000","level":"info"}
{"message":"server running on port 3000","level":"info"}
{"message":"server running on port 3000","level":"info"}
{"message":"server running on port 3000","level":"info"}
{"message":"server running on port 3000","level":"info"}
{"message":"server running on port 3000","level":"info"}
{"message":"server running on port 3000","level":"info"}
{"message":"server running on port 3000","level":"info"}
{"message":"server running on port 3000","level":"info"}
{"message":"server running on port 3000","level":"info"}
{"message":"server running on port 3000","level":"info"}
{"message":"server running on port 3000","level":"info"}
{"message":"server running on port 3000","level":"info"}
{"message":"server running on port 3000","level":"info"}
{"message":"server running on port 3000","level":"info"}
{"message":"server running on port 3000","level":"info"}
{"message":"server running on port 3000","level":"info"}
{"message":"server running on port 3000","level":"info"}
{"message":"server running on port 3000","level":"info"}
{"message":"server running on port 3000","level":"info"}
{"message":"server running on port 3000","level":"info"}
{"message":"server running on port 3000","level":"info"}
{"message":"server running on port 3000","level":"info"}
{"message":"server running on port 3000","level":"info"}
{"message":"server running on port 3000","level":"info"}
{"message":"server running on port 3000","level":"info"}
{"message":"server running on port 3000","level":"info"}
{"message":"server running on port 3000","level":"info"}
{"message":"server running on port 3000","level":"info"}
{"message":"server running on port 3000","level":"info"}
{"message":"server running on port 3000","level":"info"}
{"message":"server running on port 3000","level":"info"}
{"message":"server running on port 3000","level":"info"}
{"message":"server running on port 3000","level":"info"}
{"message":"server running on port 3000","level":"info"}
{"message":"server running on port 3000","level":"info"}
{"message":"server running on port 3000","level":"info"}
{"message":"server running on port 3000","level":"info"}
{"message":"server running on port 3000","level":"info"}
{"message":"server running on port 3000","level":"info"}
{"message":"server running on port 3000","level":"info"}
{"message":"server running on port 3000","level":"info"}
{"message":"server running on port 3000","level":"info"}
{"message":"server running on port 3000","level":"info"}
{"message":"server running on port 3000","level":"info"}
{"message":"server running on port 3000","level":"info"}
{"message":"server running on port 3000","level":"info"}
{"message":"server running on port 3000","level":"info"}
{"message":"server running on port 3000","level":"info"}
{"message":"server running on port 3000","level":"info"}
{"message":"server running on port 3000","level":"info"}
{"message":"server running on port 3000","level":"info"}
{"message":"server running on port 3000","level":"info"}
{"message":"server running on port 3000","level":"info"}
{"message":"server running on port 3000","level":"info"}
{"message":"server running on port 3000","level":"info"}
{"message":"server running on port 3000","level":"info"}
{"message":"server running on port 3000","level":"info"}
{"message":"server running on port 3000","level":"info"}
{"message":"server running on port 3000","level":"info"}
{"message":"server running on port 3000","level":"info"}
{"message":"server running on port 3000","level":"info"}
{"message":"server running on port 3000","level":"info"}
{"message":"server running on port 3000","level":"info"}
{"message":"server running on port 3000","level":"info"}
{"message":"server running on port 3000","level":"info"}
{"message":"server running on port 3000","level":"info"}
{"message":"server running on port 3000","level":"info"}
{"message":"server running on port 3000","level":"info"}
{"message":"server running on port 3000","level":"info"}
{"message":"server running on port 3000","level":"info"}
{"message":"server running on port 3000","level":"info"}
{"message":"server running on port 3000","level":"info"}
{"message":"server running on port 3000","level":"info"}
{"message":"server running on port 3000","level":"info"}
{"message":"server running on port 3000","level":"info"}
{"message":"server running on port 3000","level":"info"}
{"message":"server running on port 3000","level":"info"}
{"message":"server running on port 3000","level":"info"}
{"message":"server running on port 3000","level":"info"}
{"message":"server running on port 3000","level":"info"}
{"message":"server running on port 3000","level":"info"}
{"message":"server running on port 3000","level":"info"}
{"message":"server running on port 3000","level":"info"}
{"message":"server running on port 3000","level":"info"}
{"message":"server running on port 3000","level":"info"}
{"message":"server running on port 3000","level":"info"}
{"message":"server running on port 3000","level":"info"}
{"message":"server running on port 3000","level":"info"}
{"message":"server running on port 3000","level":"info"}
{"message":"server running on port 3000","level":"info"}
{"message":"server running on port 3000","level":"info"}
{"message":"server running on port 3000","level":"info"}
{"message":"server running on port 3000","level":"info"}
{"message":"server running on port 3000","level":"info"}
{"message":"server running on port 3000","level":"info"}
{"message":"server running on port 3000","level":"info"}
{"message":"server running on port 3000","level":"info"}
{"message":"server running on port 3000","level":"info"}
{"message":"server running on port 3000","level":"info"}
{"message":"server running on port 3000","level":"info"}
{"message":"server running on port 3000","level":"info"}
{"message":"server running on port 3000","level":"info"}
{"message":"server running on port 3000","level":"info"}
{"message":"server running on port 3000","level":"info"}
{"message":"server running on port 3000","level":"info"}
{"message":"server running on port 3000","level":"info"}
{"message":"server running on port 3000","level":"info"}
{"message":"server running on port 3000","level":"info"}
{"message":"server running on port 3000","level":"info"}
{"message":"server running on port 3000","level":"info"}
{"message":"server running on port 3000","level":"info"}
{"message":"server running on port 3000","level":"info"}
{"message":"server running on port 3000","level":"info"}
{"message":"::1 - - [04/Jun/2019:12:00:09 +0000] \"POST /signup HTTP/1.1\" 500 2217 \"-\" \"Mozilla/5.0 (X11; Linux x86_64) AppleWebKit/537.36 (KHTML, like Gecko) Chrome/74.0.3729.157 Safari/537.36\"\n","level":"info"}
{"message":"server running on port 3000","level":"info"}
{"message":"::1 - - [04/Jun/2019:12:00:39 +0000] \"POST /signup HTTP/1.1\" 400 25 \"-\" \"Mozilla/5.0 (X11; Linux x86_64) AppleWebKit/537.36 (KHTML, like Gecko) Chrome/74.0.3729.157 Safari/537.36\"\n","level":"info"}
{"message":"::1 - - [04/Jun/2019:12:01:12 +0000] \"POST /signup HTTP/1.1\" 400 39 \"-\" \"Mozilla/5.0 (X11; Linux x86_64) AppleWebKit/537.36 (KHTML, like Gecko) Chrome/74.0.3729.157 Safari/537.36\"\n","level":"info"}
{"message":"::1 - - [04/Jun/2019:12:01:29 +0000] \"POST /signup HTTP/1.1\" 400 36 \"-\" \"Mozilla/5.0 (X11; Linux x86_64) AppleWebKit/537.36 (KHTML, like Gecko) Chrome/74.0.3729.157 Safari/537.36\"\n","level":"info"}
{"message":"::1 - - [04/Jun/2019:12:02:01 +0000] \"POST /signup HTTP/1.1\" 500 508 \"-\" \"Mozilla/5.0 (X11; Linux x86_64) AppleWebKit/537.36 (KHTML, like Gecko) Chrome/74.0.3729.157 Safari/537.36\"\n","level":"info"}
{"message":"::1 - - [04/Jun/2019:12:02:51 +0000] \"POST /signup HTTP/1.1\" 200 28 \"-\" \"Mozilla/5.0 (X11; Linux x86_64) AppleWebKit/537.36 (KHTML, like Gecko) Chrome/74.0.3729.157 Safari/537.36\"\n","level":"info"}
{"message":"server running on port 3000","level":"info"}
{"message":"server running on port 3000","level":"info"}
{"message":"server running on port 3000","level":"info"}
{"message":"server running on port 3000","level":"info"}
{"message":"server running on port 3000","level":"info"}
{"message":"server running on port 3000","level":"info"}
{"message":"server running on port 3000","level":"info"}
{"message":"::1 - - [04/Jun/2019:12:12:31 +0000] \"POST /signin HTTP/1.1\" 400 25 \"-\" \"Mozilla/5.0 (X11; Linux x86_64) AppleWebKit/537.36 (KHTML, like Gecko) Chrome/74.0.3729.157 Safari/537.36\"\n","level":"info"}
{"message":"::1 - - [04/Jun/2019:12:12:55 +0000] \"POST /signin HTTP/1.1\" 400 25 \"-\" \"Mozilla/5.0 (X11; Linux x86_64) AppleWebKit/537.36 (KHTML, like Gecko) Chrome/74.0.3729.157 Safari/537.36\"\n","level":"info"}
{"message":"server running on port 3000","level":"info"}
{"message":"::1 - - [04/Jun/2019:12:13:39 +0000] \"POST /signin HTTP/1.1\" 200 75 \"-\" \"Mozilla/5.0 (X11; Linux x86_64) AppleWebKit/537.36 (KHTML, like Gecko) Chrome/74.0.3729.157 Safari/537.36\"\n","level":"info"}
{"message":"::1 - - [04/Jun/2019:12:15:18 +0000] \"POST /signin HTTP/1.1\" 400 26 \"-\" \"Mozilla/5.0 (X11; Linux x86_64) AppleWebKit/537.36 (KHTML, like Gecko) Chrome/74.0.3729.157 Safari/537.36\"\n","level":"info"}
{"message":"::1 - - [04/Jun/2019:12:16:01 +0000] \"POST /signin HTTP/1.1\" - - \"-\" \"Mozilla/5.0 (X11; Linux x86_64) AppleWebKit/537.36 (KHTML, like Gecko) Chrome/74.0.3729.157 Safari/537.36\"\n","level":"info"}
{"message":"server running on port 3000","level":"info"}
{"message":"::1 - - [04/Jun/2019:12:17:08 +0000] \"POST /signin HTTP/1.1\" 400 18 \"-\" \"Mozilla/5.0 (X11; Linux x86_64) AppleWebKit/537.36 (KHTML, like Gecko) Chrome/74.0.3729.157 Safari/537.36\"\n","level":"info"}
{"message":"::1 - - [04/Jun/2019:12:17:29 +0000] \"POST /signin HTTP/1.1\" 400 39 \"-\" \"Mozilla/5.0 (X11; Linux x86_64) AppleWebKit/537.36 (KHTML, like Gecko) Chrome/74.0.3729.157 Safari/537.36\"\n","level":"info"}
{"message":"::1 - - [04/Jun/2019:12:17:39 +0000] \"POST /signin HTTP/1.1\" 200 75 \"-\" \"Mozilla/5.0 (X11; Linux x86_64) AppleWebKit/537.36 (KHTML, like Gecko) Chrome/74.0.3729.157 Safari/537.36\"\n","level":"info"}
{"message":"server running on port 3000","level":"info"}
{"message":"server running on port 3000","level":"info"}
{"message":"::1 - - [04/Jun/2019:12:26:05 +0000] \"POST /signin HTTP/1.1\" 200 75 \"-\" \"Mozilla/5.0 (X11; Linux x86_64) AppleWebKit/537.36 (KHTML, like Gecko) Chrome/74.0.3729.157 Safari/537.36\"\n","level":"info"}
{"message":"::1 - - [04/Jun/2019:12:26:15 +0000] \"POST /signin HTTP/1.1\" 400 21 \"-\" \"Mozilla/5.0 (X11; Linux x86_64) AppleWebKit/537.36 (KHTML, like Gecko) Chrome/74.0.3729.157 Safari/537.36\"\n","level":"info"}
{"message":"::1 - - [04/Jun/2019:12:26:25 +0000] \"POST /signin HTTP/1.1\" 200 75 \"-\" \"Mozilla/5.0 (X11; Linux x86_64) AppleWebKit/537.36 (KHTML, like Gecko) Chrome/74.0.3729.157 Safari/537.36\"\n","level":"info"}
{"message":"server running on port 3000","level":"info"}
{"message":"::1 - - [04/Jun/2019:12:27:46 +0000] \"POST /signin HTTP/1.1\" 200 75 \"-\" \"Mozilla/5.0 (X11; Linux x86_64) AppleWebKit/537.36 (KHTML, like Gecko) Chrome/74.0.3729.157 Safari/537.36\"\n","level":"info"}
{"message":"server running on port 3000","level":"info"}
{"message":"server running on port 3000","level":"info"}
{"message":"server running on port 3000","level":"info"}
{"message":"::1 - - [04/Jun/2019:14:21:53 +0000] \"POST /signin HTTP/1.1\" 200 75 \"-\" \"Mozilla/5.0 (X11; Linux x86_64) AppleWebKit/537.36 (KHTML, like Gecko) Chrome/74.0.3729.157 Safari/537.36\"\n","level":"info"}
{"message":"::1 - - [04/Jun/2019:14:22:43 +0000] \"POST /mobile/add HTTP/1.1\" 404 150 \"-\" \"Mozilla/5.0 (X11; Linux x86_64) AppleWebKit/537.36 (KHTML, like Gecko) Chrome/74.0.3729.157 Safari/537.36\"\n","level":"info"}
{"message":"server running on port 3000","level":"info"}
{"message":"::1 - - [04/Jun/2019:14:24:06 +0000] \"POST /mobile/add HTTP/1.1\" 400 47 \"-\" \"Mozilla/5.0 (X11; Linux x86_64) AppleWebKit/537.36 (KHTML, like Gecko) Chrome/74.0.3729.157 Safari/537.36\"\n","level":"info"}
{"message":"::1 - - [04/Jun/2019:14:24:28 +0000] \"POST /mobile/add HTTP/1.1\" 500 2214 \"-\" \"Mozilla/5.0 (X11; Linux x86_64) AppleWebKit/537.36 (KHTML, like Gecko) Chrome/74.0.3729.157 Safari/537.36\"\n","level":"info"}
{"message":"server running on port 3000","level":"info"}
{"message":"server running on port 3000","level":"info"}
{"message":"::1 - - [04/Jun/2019:14:28:06 +0000] \"POST /mobile/add HTTP/1.1\" 500 76 \"-\" \"Mozilla/5.0 (X11; Linux x86_64) AppleWebKit/537.36 (KHTML, like Gecko) Chrome/74.0.3729.157 Safari/537.36\"\n","level":"info"}
{"message":"server running on port 3000","level":"info"}
{"message":"server running on port 3000","level":"info"}
{"message":"::1 - - [04/Jun/2019:14:31:36 +0000] \"POST /mobile/add HTTP/1.1\" 200 97 \"-\" \"Mozilla/5.0 (X11; Linux x86_64) AppleWebKit/537.36 (KHTML, like Gecko) Chrome/74.0.3729.157 Safari/537.36\"\n","level":"info"}
{"message":"::1 - - [04/Jun/2019:14:31:47 +0000] \"POST /mobile/add HTTP/1.1\" 400 34 \"-\" \"Mozilla/5.0 (X11; Linux x86_64) AppleWebKit/537.36 (KHTML, like Gecko) Chrome/74.0.3729.157 Safari/537.36\"\n","level":"info"}
{"message":"::1 - - [04/Jun/2019:14:31:59 +0000] \"POST /mobile/add HTTP/1.1\" 400 47 \"-\" \"Mozilla/5.0 (X11; Linux x86_64) AppleWebKit/537.36 (KHTML, like Gecko) Chrome/74.0.3729.157 Safari/537.36\"\n","level":"info"}
{"message":"::1 - - [04/Jun/2019:14:32:18 +0000] \"POST /mobile/add HTTP/1.1\" 500 204 \"-\" \"Mozilla/5.0 (X11; Linux x86_64) AppleWebKit/537.36 (KHTML, like Gecko) Chrome/74.0.3729.157 Safari/537.36\"\n","level":"info"}
{"message":"server running on port 3000","level":"info"}
{"message":"server running on port 3000","level":"info"}
{"message":"server running on port 3000","level":"info"}
{"message":"server running on port 3000","level":"info"}
{"message":"server running on port 3000","level":"info"}
{"message":"server running on port 3000","level":"info"}
{"message":"::1 - - [04/Jun/2019:16:29:17 +0000] \"POST /mobile/add HTTP/1.1\" 400 35 \"-\" \"Mozilla/5.0 (X11; Linux x86_64) AppleWebKit/537.36 (KHTML, like Gecko) Chrome/74.0.3729.157 Safari/537.36\"\n","level":"info"}
{"message":"::1 - - [04/Jun/2019:16:29:30 +0000] \"POST /mobile/add HTTP/1.1\" 200 97 \"-\" \"Mozilla/5.0 (X11; Linux x86_64) AppleWebKit/537.36 (KHTML, like Gecko) Chrome/74.0.3729.157 Safari/537.36\"\n","level":"info"}
{"message":"server running on port 3000","level":"info"}
{"message":"server running on port 3000","level":"info"}
{"message":"server running on port 3000","level":"info"}
{"message":"server running on port 3000","level":"info"}
{"message":"server running on port 3000","level":"info"}
{"message":"server running on port 3000","level":"info"}
{"message":"::1 - - [04/Jun/2019:16:45:08 +0000] \"POST /mobile/5cf65deb50d157320416838 HTTP/1.1\" 404 170 \"-\" \"Mozilla/5.0 (X11; Linux x86_64) AppleWebKit/537.36 (KHTML, like Gecko) Chrome/74.0.3729.157 Safari/537.36\"\n","level":"info"}
{"message":"::1 - - [04/Jun/2019:16:45:20 +0000] \"GET /mobile/5cf65deb50d157320416838 HTTP/1.1\" 500 2217 \"-\" \"Mozilla/5.0 (X11; Linux x86_64) AppleWebKit/537.36 (KHTML, like Gecko) Chrome/74.0.3729.157 Safari/537.36\"\n","level":"info"}
{"message":"server running on port 3000","level":"info"}
{"message":"::1 - - [04/Jun/2019:16:45:41 +0000] \"GET /mobile/5cf65deb50d157320416838 HTTP/1.1\" 200 111 \"-\" \"Mozilla/5.0 (X11; Linux x86_64) AppleWebKit/537.36 (KHTML, like Gecko) Chrome/74.0.3729.157 Safari/537.36\"\n","level":"info"}
{"message":"::1 - - [04/Jun/2019:16:45:55 +0000] \"GET /mobile/5cf65deb50d15732041683 HTTP/1.1\" 200 2 \"-\" \"Mozilla/5.0 (X11; Linux x86_64) AppleWebKit/537.36 (KHTML, like Gecko) Chrome/74.0.3729.157 Safari/537.36\"\n","level":"info"}
{"message":"::1 - - [04/Jun/2019:16:46:02 +0000] \"GET /mobile/5cf65deb50d157320416838 HTTP/1.1\" 200 111 \"-\" \"Mozilla/5.0 (X11; Linux x86_64) AppleWebKit/537.36 (KHTML, like Gecko) Chrome/74.0.3729.157 Safari/537.36\"\n","level":"info"}
{"message":"server running on port 3000","level":"info"}
{"message":"server running on port 3000","level":"info"}
{"message":"::1 - - [04/Jun/2019:16:46:52 +0000] \"GET /mobile/5cf65deb50d157320416838 HTTP/1.1\" 200 111 \"-\" \"Mozilla/5.0 (X11; Linux x86_64) AppleWebKit/537.36 (KHTML, like Gecko) Chrome/74.0.3729.157 Safari/537.36\"\n","level":"info"}
{"message":"server running on port 3000","level":"info"}
{"message":"server running on port 3000","level":"info"}
{"message":"server running on port 3000","level":"info"}
{"message":"server running on port 3000","level":"info"}
{"message":"server running on port 3000","level":"info"}
{"message":"server running on port 3000","level":"info"}
{"message":"server running on port 3000","level":"info"}
{"message":"server running on port 3000","level":"info"}
{"message":"server running on port 3000","level":"info"}
{"message":"server running on port 3000","level":"info"}
{"message":"server running on port 3000","level":"info"}
{"message":"server running on port 3000","level":"info"}
{"message":"server running on port 3000","level":"info"}
{"message":"server running on port 3000","level":"info"}
{"message":"::1 - - [04/Jun/2019:17:12:35 +0000] \"POST /address/add HTTP/1.1\" 400 54 \"-\" \"Mozilla/5.0 (X11; Linux x86_64) AppleWebKit/537.36 (KHTML, like Gecko) Chrome/74.0.3729.157 Safari/537.36\"\n","level":"info"}
{"message":"::1 - - [04/Jun/2019:17:18:35 +0000] \"POST /address/add HTTP/1.1\" 400 62 \"-\" \"Mozilla/5.0 (X11; Linux x86_64) AppleWebKit/537.36 (KHTML, like Gecko) Chrome/74.0.3729.157 Safari/537.36\"\n","level":"info"}
{"message":"::1 - - [04/Jun/2019:17:18:44 +0000] \"POST /address/add HTTP/1.1\" 400 46 \"-\" \"Mozilla/5.0 (X11; Linux x86_64) AppleWebKit/537.36 (KHTML, like Gecko) Chrome/74.0.3729.157 Safari/537.36\"\n","level":"info"}
{"message":"::1 - - [04/Jun/2019:17:19:01 +0000] \"POST /address/add HTTP/1.1\" 200 185 \"-\" \"Mozilla/5.0 (X11; Linux x86_64) AppleWebKit/537.36 (KHTML, like Gecko) Chrome/74.0.3729.157 Safari/537.36\"\n","level":"info"}
{"message":"server running on port 3000","level":"info"}
{"message":"server running on port 3000","level":"info"}
{"message":"server running on port 3000","level":"info"}
{"message":"server running on port 3000","level":"info"}
{"message":"server running on port 3000","level":"info"}
{"message":"server running on port 3000","level":"info"}
{"message":"server running on port 3000","level":"info"}
{"message":"server running on port 3000","level":"info"}
{"message":"::1 - - [04/Jun/2019:17:25:46 +0000] \"GET /addresses/5cf65deb50d157320416838 HTTP/1.1\" 404 172 \"-\" \"Mozilla/5.0 (X11; Linux x86_64) AppleWebKit/537.36 (KHTML, like Gecko) Chrome/74.0.3729.157 Safari/537.36\"\n","level":"info"}
{"message":"server running on port 3000","level":"info"}
{"message":"::1 - - [04/Jun/2019:17:26:53 +0000] \"GET /addresses/5cf65deb50d157320416838 HTTP/1.1\" 200 179 \"-\" \"Mozilla/5.0 (X11; Linux x86_64) AppleWebKit/537.36 (KHTML, like Gecko) Chrome/74.0.3729.157 Safari/537.36\"\n","level":"info"}
{"message":"::1 - - [04/Jun/2019:17:27:01 +0000] \"GET /addresses/5cf65deb50d15732041683 HTTP/1.1\" 404 17 \"-\" \"Mozilla/5.0 (X11; Linux x86_64) AppleWebKit/537.36 (KHTML, like Gecko) Chrome/74.0.3729.157 Safari/537.36\"\n","level":"info"}
{"message":"::1 - - [04/Jun/2019:17:27:06 +0000] \"GET /addresses/5cf65deb50d157320416838 HTTP/1.1\" 200 179 \"-\" \"Mozilla/5.0 (X11; Linux x86_64) AppleWebKit/537.36 (KHTML, like Gecko) Chrome/74.0.3729.157 Safari/537.36\"\n","level":"info"}
{"message":"server running on port 3000","level":"info"}
{"message":"server running on port 3000","level":"info"}
{"message":"server running on port 3000","level":"info"}
{"message":"server running on port 3000","level":"info"}
{"message":"server running on port 3000","level":"info"}
{"message":"server running on port 3000","level":"info"}
{"message":"server running on port 3000","level":"info"}
{"message":"server running on port 3000","level":"info"}
{"message":"server running on port 3000","level":"info"}
{"message":"server running on port 3000","level":"info"}
{"message":"server running on port 3000","level":"info"}
{"message":"server running on port 3000","level":"info"}
{"message":"server running on port 3000","level":"info"}
{"message":"server running on port 3000","level":"info"}
{"message":"server running on port 3000","level":"info"}
{"message":"server running on port 3000","level":"info"}
{"message":"server running on port 3000","level":"info"}
{"message":"server running on port 3000","level":"info"}
{"message":"::1 - - [04/Jun/2019:17:47:45 +0000] \"POST /super/signup HTTP/1.1\" 400 36 \"-\" \"Mozilla/5.0 (X11; Linux x86_64) AppleWebKit/537.36 (KHTML, like Gecko) Chrome/74.0.3729.157 Safari/537.36\"\n","level":"info"}
{"message":"server running on port 3000","level":"info"}
{"message":"server running on port 3000","level":"info"}
{"message":"::1 - - [04/Jun/2019:17:48:24 +0000] \"POST /super/signup HTTP/1.1\" 400 36 \"-\" \"Mozilla/5.0 (X11; Linux x86_64) AppleWebKit/537.36 (KHTML, like Gecko) Chrome/74.0.3729.157 Safari/537.36\"\n","level":"info"}
{"message":"::1 - - [04/Jun/2019:17:48:32 +0000] \"POST /super/signup HTTP/1.1\" 400 39 \"-\" \"Mozilla/5.0 (X11; Linux x86_64) AppleWebKit/537.36 (KHTML, like Gecko) Chrome/74.0.3729.157 Safari/537.36\"\n","level":"info"}
{"message":"::1 - - [04/Jun/2019:17:49:13 +0000] \"POST /super/signup HTTP/1.1\" 400 39 \"-\" \"Mozilla/5.0 (X11; Linux x86_64) AppleWebKit/537.36 (KHTML, like Gecko) Chrome/74.0.3729.157 Safari/537.36\"\n","level":"info"}
{"message":"::1 - - [04/Jun/2019:17:49:21 +0000] \"POST /super/signup HTTP/1.1\" 400 12 \"-\" \"Mozilla/5.0 (X11; Linux x86_64) AppleWebKit/537.36 (KHTML, like Gecko) Chrome/74.0.3729.157 Safari/537.36\"\n","level":"info"}
{"message":"::1 - - [04/Jun/2019:17:49:47 +0000] \"POST /super/signup HTTP/1.1\" 500 2 \"-\" \"Mozilla/5.0 (X11; Linux x86_64) AppleWebKit/537.36 (KHTML, like Gecko) Chrome/74.0.3729.157 Safari/537.36\"\n","level":"info"}
{"message":"server running on port 3000","level":"info"}
{"message":"::1 - - [04/Jun/2019:17:50:43 +0000] \"POST /super/signup HTTP/1.1\" 200 25 \"-\" \"Mozilla/5.0 (X11; Linux x86_64) AppleWebKit/537.36 (KHTML, like Gecko) Chrome/74.0.3729.157 Safari/537.36\"\n","level":"info"}
{"message":"::1 - - [04/Jun/2019:17:50:49 +0000] \"POST /super/signup HTTP/1.1\" 400 20 \"-\" \"Mozilla/5.0 (X11; Linux x86_64) AppleWebKit/537.36 (KHTML, like Gecko) Chrome/74.0.3729.157 Safari/537.36\"\n","level":"info"}
{"message":"server running on port 3000","level":"info"}
{"message":"server running on port 3000","level":"info"}
{"message":"server running on port 3000","level":"info"}
{"message":"server running on port 3000","level":"info"}
{"message":"server running on port 3000","level":"info"}
{"message":"server running on port 3000","level":"info"}
{"message":"::1 - - [04/Jun/2019:17:59:58 +0000] \"POST /super/signin HTTP/1.1\" 400 2 \"-\" \"Mozilla/5.0 (X11; Linux x86_64) AppleWebKit/537.36 (KHTML, like Gecko) Chrome/74.0.3729.157 Safari/537.36\"\n","level":"info"}
{"message":"::1 - - [04/Jun/2019:18:00:24 +0000] \"POST /super/signin HTTP/1.1\" 400 2 \"-\" \"Mozilla/5.0 (X11; Linux x86_64) AppleWebKit/537.36 (KHTML, like Gecko) Chrome/74.0.3729.157 Safari/537.36\"\n","level":"info"}
{"message":"server running on port 3000","level":"info"}
{"message":"::1 - - [04/Jun/2019:18:03:35 +0000] \"POST /super/signin HTTP/1.1\" 400 2 \"-\" \"Mozilla/5.0 (X11; Linux x86_64) AppleWebKit/537.36 (KHTML, like Gecko) Chrome/74.0.3729.157 Safari/537.36\"\n","level":"info"}
{"message":"server running on port 3000","level":"info"}
{"message":"::1 - - [04/Jun/2019:18:05:26 +0000] \"POST /super/signin HTTP/1.1\" 400 39 \"-\" \"Mozilla/5.0 (X11; Linux x86_64) AppleWebKit/537.36 (KHTML, like Gecko) Chrome/74.0.3729.157 Safari/537.36\"\n","level":"info"}
{"message":"::1 - - [04/Jun/2019:18:05:46 +0000] \"POST /super/signin HTTP/1.1\" 400 13 \"-\" \"Mozilla/5.0 (X11; Linux x86_64) AppleWebKit/537.36 (KHTML, like Gecko) Chrome/74.0.3729.157 Safari/537.36\"\n","level":"info"}
{"message":"::1 - - [04/Jun/2019:18:05:59 +0000] \"POST /super/signin HTTP/1.1\" 400 13 \"-\" \"Mozilla/5.0 (X11; Linux x86_64) AppleWebKit/537.36 (KHTML, like Gecko) Chrome/74.0.3729.157 Safari/537.36\"\n","level":"info"}
{"message":"::1 - - [04/Jun/2019:18:06:04 +0000] \"POST /super/signin HTTP/1.1\" 400 13 \"-\" \"Mozilla/5.0 (X11; Linux x86_64) AppleWebKit/537.36 (KHTML, like Gecko) Chrome/74.0.3729.157 Safari/537.36\"\n","level":"info"}
{"message":"::1 - - [04/Jun/2019:18:06:09 +0000] \"POST /super/signin HTTP/1.1\" 400 2 \"-\" \"Mozilla/5.0 (X11; Linux x86_64) AppleWebKit/537.36 (KHTML, like Gecko) Chrome/74.0.3729.157 Safari/537.36\"\n","level":"info"}
{"message":"server running on port 3000","level":"info"}
{"message":"::1 - - [04/Jun/2019:18:07:19 +0000] \"POST /super/signin HTTP/1.1\" 200 316 \"-\" \"Mozilla/5.0 (X11; Linux x86_64) AppleWebKit/537.36 (KHTML, like Gecko) Chrome/74.0.3729.157 Safari/537.36\"\n","level":"info"}
{"message":"server running on port 3000","level":"info"}
{"message":"server running on port 3000","level":"info"}
{"message":"server running on port 3000","level":"info"}
{"message":"server running on port 3000","level":"info"}
{"message":"server running on port 3000","level":"info"}
{"message":"server running on port 3000","level":"info"}
{"message":"server running on port 3000","level":"info"}
{"message":"server running on port 3000","level":"info"}
{"message":"server running on port 3000","level":"info"}
{"message":"server running on port 3000","level":"info"}
{"message":"server running on port 3000","level":"info"}
{"message":"server running on port 3000","level":"info"}
{"message":"server running on port 3000","level":"info"}
{"message":"server running on port 3000","level":"info"}
{"message":"server running on port 3000","level":"info"}
{"message":"server running on port 3000","level":"info"}
{"message":"server running on port 3000","level":"info"}
{"message":"server running on port 3000","level":"info"}
{"message":"server running on port 3000","level":"info"}
{"message":"::1 - - [04/Jun/2019:18:40:47 +0000] \"POST /super/signin HTTP/1.1\" 200 316 \"-\" \"Mozilla/5.0 (X11; Linux x86_64) AppleWebKit/537.36 (KHTML, like Gecko) Chrome/74.0.3729.157 Safari/537.36\"\n","level":"info"}
{"message":"::1 - - [04/Jun/2019:18:42:17 +0000] \"POST /menu/add HTTP/1.1\" 400 23 \"-\" \"Mozilla/5.0 (X11; Linux x86_64) AppleWebKit/537.36 (KHTML, like Gecko) Chrome/74.0.3729.157 Safari/537.36\"\n","level":"info"}
{"message":"::1 - - [04/Jun/2019:18:43:10 +0000] \"POST /menu/add HTTP/1.1\" - - \"-\" \"Mozilla/5.0 (X11; Linux x86_64) AppleWebKit/537.36 (KHTML, like Gecko) Chrome/74.0.3729.157 Safari/537.36\"\n","level":"info"}
{"message":"::1 - - [04/Jun/2019:18:44:06 +0000] \"POST /super/signin HTTP/1.1\" 200 316 \"-\" \"Mozilla/5.0 (X11; Linux x86_64) AppleWebKit/537.36 (KHTML, like Gecko) Chrome/74.0.3729.157 Safari/537.36\"\n","level":"info"}
{"message":"::1 - - [04/Jun/2019:18:46:42 +0000] \"POST /menu/add HTTP/1.1\" - - \"-\" \"Mozilla/5.0 (X11; Linux x86_64) AppleWebKit/537.36 (KHTML, like Gecko) Chrome/74.0.3729.157 Safari/537.36\"\n","level":"info"}
{"message":"server running on port 3000","level":"info"}
{"message":"server running on port 3000","level":"info"}
{"message":"::1 - - [04/Jun/2019:18:48:48 +0000] \"POST /menu/add HTTP/1.1\" - - \"-\" \"Mozilla/5.0 (X11; Linux x86_64) AppleWebKit/537.36 (KHTML, like Gecko) Chrome/74.0.3729.157 Safari/537.36\"\n","level":"info"}
{"message":"::1 - - [04/Jun/2019:18:48:50 +0000] \"POST /menu/add HTTP/1.1\" 400 23 \"-\" \"Mozilla/5.0 (X11; Linux x86_64) AppleWebKit/537.36 (KHTML, like Gecko) Chrome/74.0.3729.157 Safari/537.36\"\n","level":"info"}
{"message":"server running on port 3000","level":"info"}
{"message":"server running on port 3000","level":"info"}
{"message":"::1 - - [04/Jun/2019:18:50:30 +0000] \"POST /menu/add HTTP/1.1\" 400 52 \"-\" \"Mozilla/5.0 (X11; Linux x86_64) AppleWebKit/537.36 (KHTML, like Gecko) Chrome/74.0.3729.157 Safari/537.36\"\n","level":"info"}
{"message":"::1 - - [04/Jun/2019:18:50:42 +0000] \"POST /menu/add HTTP/1.1\" 200 149 \"-\" \"Mozilla/5.0 (X11; Linux x86_64) AppleWebKit/537.36 (KHTML, like Gecko) Chrome/74.0.3729.157 Safari/537.36\"\n","level":"info"}
{"message":"server running on port 3000","level":"info"}
{"message":"server running on port 3000","level":"info"}
{"message":"::1 - - [04/Jun/2019:18:51:16 +0000] \"POST /menu/add HTTP/1.1\" 400 52 \"-\" \"Mozilla/5.0 (X11; Linux x86_64) AppleWebKit/537.36 (KHTML, like Gecko) Chrome/74.0.3729.157 Safari/537.36\"\n","level":"info"}
{"message":"::1 - - [04/Jun/2019:18:51:48 +0000] \"POST /menu/add HTTP/1.1\" 400 23 \"-\" \"Mozilla/5.0 (X11; Linux x86_64) AppleWebKit/537.36 (KHTML, like Gecko) Chrome/74.0.3729.157 Safari/537.36\"\n","level":"info"}
{"message":"::1 - - [04/Jun/2019:18:51:54 +0000] \"POST /menu/add HTTP/1.1\" 200 154 \"-\" \"Mozilla/5.0 (X11; Linux x86_64) AppleWebKit/537.36 (KHTML, like Gecko) Chrome/74.0.3729.157 Safari/537.36\"\n","level":"info"}
{"message":"server running on port 3000","level":"info"}
{"message":"server running on port 3000","level":"info"}
{"message":"::1 - - [04/Jun/2019:18:55:04 +0000] \"GET /menu HTTP/1.1\" 200 254 \"-\" \"Mozilla/5.0 (X11; Linux x86_64) AppleWebKit/537.36 (KHTML, like Gecko) Chrome/74.0.3729.157 Safari/537.36\"\n","level":"info"}
{"message":"::1 - - [04/Jun/2019:18:55:17 +0000] \"GET /menu HTTP/1.1\" 200 254 \"-\" \"Mozilla/5.0 (X11; Linux x86_64) AppleWebKit/537.36 (KHTML, like Gecko) Chrome/74.0.3729.157 Safari/537.36\"\n","level":"info"}
{"message":"server running on port 3000","level":"info"}
{"message":"::1 - - [04/Jun/2019:18:55:54 +0000] \"GET /menu HTTP/1.1\" 200 306 \"-\" \"Mozilla/5.0 (X11; Linux x86_64) AppleWebKit/537.36 (KHTML, like Gecko) Chrome/74.0.3729.157 Safari/537.36\"\n","level":"info"}
{"message":"::1 - - [04/Jun/2019:18:56:31 +0000] \"GET /menu HTTP/1.1\" 200 306 \"-\" \"Mozilla/5.0 (X11; Linux x86_64) AppleWebKit/537.36 (KHTML, like Gecko) Chrome/74.0.3729.157 Safari/537.36\"\n","level":"info"}
{"message":"::1 - - [04/Jun/2019:18:56:31 +0000] \"GET /favicon.ico HTTP/1.1\" 404 150 \"http://localhost:3000/menu\" \"Mozilla/5.0 (X11; Linux x86_64) AppleWebKit/537.36 (KHTML, like Gecko) Chrome/74.0.3729.157 Safari/537.36\"\n","level":"info"}
{"message":"server running on port 3000","level":"info"}
{"message":"::1 - - [04/Jun/2019:18:56:59 +0000] \"GET /menu HTTP/1.1\" 200 254 \"-\" \"Mozilla/5.0 (X11; Linux x86_64) AppleWebKit/537.36 (KHTML, like Gecko) Chrome/74.0.3729.157 Safari/537.36\"\n","level":"info"}
{"message":"::1 - - [04/Jun/2019:18:57:21 +0000] \"GET /menu HTTP/1.1\" 200 254 \"-\" \"Mozilla/5.0 (X11; Linux x86_64) AppleWebKit/537.36 (KHTML, like Gecko) Chrome/74.0.3729.157 Safari/537.36\"\n","level":"info"}
{"message":"server running on port 3000","level":"info"}
{"message":"server running on port 3000","level":"info"}
{"message":"::1 - - [04/Jun/2019:19:00:13 +0000] \"POST /super/signin HTTP/1.1\" 200 316 \"-\" \"Mozilla/5.0 (X11; Linux x86_64) AppleWebKit/537.36 (KHTML, like Gecko) Chrome/74.0.3729.157 Safari/537.36\"\n","level":"info"}
{"message":"::1 - - [04/Jun/2019:19:02:13 +0000] \"GET /addresses/5cf65deb50d157320416838 HTTP/1.1\" 200 179 \"-\" \"Mozilla/5.0 (X11; Linux x86_64) AppleWebKit/537.36 (KHTML, like Gecko) Chrome/74.0.3729.157 Safari/537.36\"\n","level":"info"}
{"message":"::1 - - [04/Jun/2019:19:03:20 +0000] \"GET /mobile/5cf65deb50d157320416838 HTTP/1.1\" 200 111 \"-\" \"Mozilla/5.0 (X11; Linux x86_64) AppleWebKit/537.36 (KHTML, like Gecko) Chrome/74.0.3729.157 Safari/537.36\"\n","level":"info"}
